<<<<<<< HEAD
[INFO] 14:49:12:593 gameboy/(10655:10655): Se ha recibido el id del mensaje enviado: 1
[INFO] 14:53:54:399 gameboy/(10740:10740): Se ha recibido el id del mensaje enviado: 1
[INFO] 16:23:17:583 gameboy/(13016:13016): Se ha recibido el id del mensaje enviado: 1
[INFO] 16:24:29:481 gameboy/(13133:13133): Se ha recibido el id del mensaje enviado: 1
[INFO] 16:25:51:196 gameboy/(13192:13192): Se ha recibido el id del mensaje enviado: 1
[INFO] 16:33:52:562 gameboy/(13380:13380): Se ha recibido el id del mensaje enviado: 1
[INFO] 16:36:12:633 gameboy/(13585:13585): Se ha recibido el id del mensaje enviado: 1
[INFO] 16:44:52:578 gameboy/(13933:13933): Se ha recibido el id del mensaje enviado: 1
[INFO] 16:48:05:505 gameboy/(14099:14099): Se ha recibido el id del mensaje enviado: 1
[INFO] 16:50:27:922 gameboy/(14285:14285): Se ha recibido el id del mensaje enviado: 1
[INFO] 16:56:19:928 gameboy/(14451:14451): Se ha recibido el id del mensaje enviado: 1
[INFO] 17:01:33:780 gameboy/(14676:14676): Se ha recibido el id del mensaje enviado: 1
[INFO] 17:03:41:732 gameboy/(15224:15224): Se ha recibido el id del mensaje enviado: 1
[INFO] 17:05:25:564 gameboy/(15397:15397): Se ha recibido el id del mensaje enviado: 1
[INFO] 17:16:03:129 gameboy/(15864:15864): Se ha recibido el id del mensaje enviado: 1
[INFO] 18:44:05:703 gameboy/(16391:16391): Se ha recibido el id del mensaje enviado: 1
[INFO] 18:45:02:145 gameboy/(16434:16434): Se ha recibido el id del mensaje enviado: 1
[INFO] 18:45:09:489 gameboy/(16440:16440): Se ha recibido el id del mensaje enviado: 2
[INFO] 18:45:34:175 gameboy/(16456:16456): Se ha recibido el id del mensaje enviado: 3
[INFO] 18:47:40:752 gameboy/(16568:16568): Se ha recibido el id del mensaje enviado: 1
[INFO] 18:47:42:660 gameboy/(16578:16578): Se ha recibido el id del mensaje enviado: 2
[INFO] 18:47:58:485 gameboy/(16582:16582): Se ha recibido el id del mensaje enviado: 3
[INFO] 18:48:34:180 gameboy/(16611:16611): Se ha recibido el id del mensaje enviado: 4
[INFO] 18:50:52:312 gameboy/(16730:16730): Se ha recibido el id del mensaje enviado: 1
[INFO] 18:50:54:650 gameboy/(16738:16738): Se ha recibido el id del mensaje enviado: 2
[INFO] 18:50:58:132 gameboy/(16746:16746): Se ha recibido el id del mensaje enviado: 3
[INFO] 18:51:16:488 gameboy/(16754:16754): Se ha recibido el id del mensaje enviado: 4
[INFO] 18:51:39:777 gameboy/(16767:16767): Se ha recibido el id del mensaje enviado: 5
[INFO] 18:51:54:169 gameboy/(16777:16777): Se ha recibido el id del mensaje enviado: 6
[INFO] 18:52:01:255 gameboy/(16787:16787): Se ha recibido el id del mensaje enviado: 7
[INFO] 18:52:10:918 gameboy/(16796:16796): Se ha recibido el id del mensaje enviado: 8
[INFO] 18:52:28:132 gameboy/(16806:16806): Se ha recibido el id del mensaje enviado: 9
[INFO] 18:52:34:391 gameboy/(16821:16821): Se ha recibido el id del mensaje enviado: 10
[INFO] 18:56:18:75 gameboy/(16983:16983): Se ha recibido el id del mensaje enviado: 1
[INFO] 18:56:21:631 gameboy/(16990:16990): Se ha recibido el id del mensaje enviado: 2
[INFO] 18:56:27:178 gameboy/(17000:17000): Se ha recibido el id del mensaje enviado: 3
[INFO] 18:56:31:864 gameboy/(17008:17008): Se ha recibido el id del mensaje enviado: 4
[INFO] 18:57:00:382 gameboy/(17026:17026): Se ha recibido el id del mensaje enviado: 5
[INFO] 18:57:07:415 gameboy/(17036:17036): Se ha recibido el id del mensaje enviado: 6
[INFO] 18:57:20:403 gameboy/(17044:17044): Se ha recibido el id del mensaje enviado: 7
[INFO] 18:57:26:713 gameboy/(17057:17057): Se ha recibido el id del mensaje enviado: 8
[INFO] 18:57:35:525 gameboy/(17072:17072): Se ha recibido el id del mensaje enviado: 9
[INFO] 18:57:40:692 gameboy/(17080:17080): Se ha recibido el id del mensaje enviado: 10
[INFO] 21:20:59:577 gameboy/(28961:28961): Se ha recibido el id del mensaje enviado: 1
[INFO] 21:23:23:353 gameboy/(29027:29027): Se ha recibido el id del mensaje enviado: 2
[INFO] 21:23:25:540 gameboy/(29037:29037): Se ha recibido el id del mensaje enviado: 3
[INFO] 21:23:35:334 gameboy/(29047:29047): Se ha recibido el id del mensaje enviado: 4
[INFO] 21:23:43:705 gameboy/(29056:29056): Se ha recibido el id del mensaje enviado: 5
[INFO] 21:31:41:78 gameboy/(29731:29731): Se ha recibido el id del mensaje enviado: 1
[INFO] 21:32:17:130 gameboy/(29770:29770): Se ha recibido el id del mensaje enviado: 1
[INFO] 21:32:19:572 gameboy/(29778:29778): Se ha recibido el id del mensaje enviado: 2
[INFO] 21:34:11:996 gameboy/(29995:29995): Se ha recibido el id del mensaje enviado: 1
[INFO] 21:34:15:12 gameboy/(30003:30003): Se ha recibido el id del mensaje enviado: 2
[INFO] 21:34:19:804 gameboy/(30011:30011): Se ha recibido el id del mensaje enviado: 3
[INFO] 21:34:27:557 gameboy/(30020:30020): Se ha recibido el id del mensaje enviado: 4
[INFO] 21:34:31:955 gameboy/(30028:30028): Se ha recibido el id del mensaje enviado: 5
[INFO] 21:34:35:791 gameboy/(30039:30039): Se ha recibido el id del mensaje enviado: 6
[INFO] 22:04:06:690 gameboy/(31971:31971): Se ha recibido el id del mensaje enviado: 1
[INFO] 22:04:56:725 gameboy/(32031:32031): Se ha recibido el id del mensaje enviado: 1
[INFO] 22:06:35:838 gameboy/(32124:32124): Se ha recibido el id del mensaje enviado: 1
[INFO] 22:06:38:798 gameboy/(32132:32132): Se ha recibido el id del mensaje enviado: 2
[INFO] 22:07:40:572 gameboy/(32197:32197): Se ha recibido el id del mensaje enviado: 1
[INFO] 22:15:21:573 gameboy/(32331:32331): Se ha recibido el id del mensaje enviado: 1
[INFO] 22:16:15:432 gameboy/(32405:32405): Se ha recibido el id del mensaje enviado: 1
[INFO] 22:16:19:625 gameboy/(32413:32413): Se ha recibido el id del mensaje enviado: 2
[INFO] 22:16:23:932 gameboy/(32420:32420): Se ha recibido el id del mensaje enviado: 3
[INFO] 22:16:26:207 gameboy/(32427:32427): Se ha recibido el id del mensaje enviado: 4
[INFO] 22:16:27:810 gameboy/(32434:32434): Se ha recibido el id del mensaje enviado: 5
[INFO] 22:16:45:421 gameboy/(32450:32450): Se ha recibido el id del mensaje enviado: 6
[INFO] 22:16:47:923 gameboy/(32458:32458): Se ha recibido el id del mensaje enviado: 7
[INFO] 22:16:57:252 gameboy/(32465:32465): Se ha recibido el id del mensaje enviado: 8
[INFO] 22:17:00:163 gameboy/(32475:32475): Se ha recibido el id del mensaje enviado: 9
[INFO] 22:38:48:245 gameboy/(775:775): Se ha recibido el id del mensaje enviado: 1
[INFO] 22:39:20:429 gameboy/(799:799): Se ha recibido el id del mensaje enviado: 2
[INFO] 22:40:23:478 gameboy/(818:818): Se ha recibido el id del mensaje enviado: 3
[INFO] 22:40:43:566 gameboy/(829:829): Se ha recibido el id del mensaje enviado: 4
[INFO] 22:40:49:47 gameboy/(836:836): Se ha recibido el id del mensaje enviado: 5
[INFO] 22:41:09:409 gameboy/(843:843): entro a get_pokemon
[INFO] 22:41:09:410 gameboy/(843:843): Se ha recibido el id del mensaje enviado: 6
[INFO] 22:41:32:829 gameboy/(847:847): Se ha recibido el id del mensaje enviado: 7
[INFO] 22:41:41:374 gameboy/(856:856): entro a get_pokemon
[INFO] 22:41:41:375 gameboy/(856:856): Se ha recibido el id del mensaje enviado: 8
[INFO] 02:11:04:674 gameboy/(7519:7519): Se ha recibido el id del mensaje enviado: 1
[INFO] 02:12:48:150 gameboy/(7709:7709): Se ha recibido el id del mensaje enviado: 1
[INFO] 02:12:56:894 gameboy/(7718:7718): Se ha recibido el id del mensaje enviado: 2
[INFO] 02:13:03:482 gameboy/(7738:7738): Se ha recibido el id del mensaje enviado: 3
[INFO] 02:13:52:442 gameboy/(7806:7806): Se ha recibido el id del mensaje enviado: 4
[INFO] 02:14:24:935 gameboy/(7868:7868): Se ha recibido el id del mensaje enviado: 5
[INFO] 20:50:25:495 gameboy/(7557:7557): Se ha recibido el id del mensaje enviado: 1
[INFO] 20:50:40:644 gameboy/(7567:7567): Se ha recibido el id del mensaje enviado: 2
[INFO] 20:51:42:398 gameboy/(7590:7590): entro a get_pokemon
[INFO] 20:51:42:400 gameboy/(7590:7590): Se ha recibido el id del mensaje enviado: 5
[INFO] 21:17:01:392 gameboy/(7642:7642): entro a appeared_pokemon
[INFO] 21:17:02:452 gameboy/(7644:7644): entro a appeared_pokemon
[INFO] 21:17:03:308 gameboy/(7646:7646): entro a appeared_pokemon
[INFO] 21:27:14:923 gameboy/(8356:8356): entro a appeared_pokemon
[INFO] 21:35:48:279 gameboy/(8983:8983): entro a appeared_pokemon
[INFO] 21:36:09:358 gameboy/(9019:9019): entro a appeared_pokemon
[INFO] 21:36:24:283 gameboy/(9038:9038): entro a appeared_pokemon
[INFO] 21:40:13:283 gameboy/(9152:9152): entro a appeared_pokemon
[INFO] 22:13:50:899 gameboy/(9855:9855): entro a appeared_pokemon
[INFO] 19:14:08:192 gameboy/(4722:4722): entro a appeared_pokemon
[INFO] 19:14:28:693 gameboy/(4745:4745): entro a appeared_pokemon
[INFO] 19:14:45:470 gameboy/(4750:4750): entro a appeared_pokemon
[INFO] 19:23:40:907 gameboy/(5304:5304): entro a appeared_pokemon
[INFO] 19:23:56:910 gameboy/(5309:5309): entro a appeared_pokemon
[INFO] 19:24:13:18 gameboy/(5319:5319): entro a appeared_pokemon
[INFO] 20:22:32:815 gameboy/(9059:9059): entro a appeared_pokemon
[INFO] 20:23:20:959 gameboy/(9111:9111): entro a appeared_pokemon
[INFO] 20:24:21:516 gameboy/(9163:9163): entro a appeared_pokemon
[INFO] 20:24:34:944 gameboy/(9171:9171): entro a appeared_pokemon
[INFO] 20:26:07:675 gameboy/(9263:9263): entro a appeared_pokemon
[INFO] 22:07:55:261 gameboy/(15797:15797): entro a appeared_pokemon
[INFO] 22:07:55:266 gameboy/(15798:15798): entro a appeared_pokemon
[INFO] 22:07:55:272 gameboy/(15799:15799): entro a appeared_pokemon
[INFO] 22:07:55:277 gameboy/(15800:15800): entro a appeared_pokemon
[INFO] 22:07:55:283 gameboy/(15801:15801): entro a appeared_pokemon
[INFO] 22:37:02:991 gameboy/(18153:18153): entro a appeared_pokemon
[INFO] 22:40:02:832 gameboy/(18298:18298): entro a appeared_pokemon
[INFO] 22:40:02:839 gameboy/(18299:18299): entro a appeared_pokemon
[INFO] 22:40:02:845 gameboy/(18300:18300): entro a appeared_pokemon
[INFO] 22:40:02:847 gameboy/(18301:18301): entro a appeared_pokemon
[INFO] 22:40:02:856 gameboy/(18302:18302): entro a appeared_pokemon
[INFO] 22:43:30:464 gameboy/(18404:18404): entro a appeared_pokemon
[INFO] 22:43:32:793 gameboy/(18405:18405): entro a appeared_pokemon
[INFO] 22:43:35:245 gameboy/(18406:18406): entro a appeared_pokemon
[INFO] 22:43:37:576 gameboy/(18407:18407): entro a appeared_pokemon
[INFO] 22:43:39:935 gameboy/(18408:18408): entro a appeared_pokemon
[INFO] 22:45:07:618 gameboy/(18427:18427): entro a appeared_pokemon
[INFO] 22:46:19:555 gameboy/(18463:18463): entro a appeared_pokemon
[INFO] 22:46:35:371 gameboy/(18467:18467): entro a appeared_pokemon
[INFO] 22:48:05:771 gameboy/(18728:18728): entro a appeared_pokemon
[INFO] 22:48:45:605 gameboy/(18749:18749): entro a appeared_pokemon
[INFO] 22:48:54:976 gameboy/(18761:18761): entro a appeared_pokemon
[INFO] 22:49:05:741 gameboy/(18763:18763): entro a appeared_pokemon
=======
[INFO] 20:06:31:364 gameboy/(31024:31024): entro a get_pokemon
[INFO] 20:10:24:525 gameboy/(31331:31331): entro a get_pokemon
>>>>>>> gamecard-hilos
[INFO] 22:57:18:301 gameboy/(19682:19682): entro a appeared_pokemon
[INFO] 22:57:42:137 gameboy/(19683:19683): entro a appeared_pokemon
[INFO] 22:59:28:610 gameboy/(19751:19751): entro a appeared_pokemon
[INFO] 23:00:37:129 gameboy/(19780:19780): entro a appeared_pokemon
[INFO] 23:00:37:132 gameboy/(19782:19782): entro a appeared_pokemon
[INFO] 23:00:37:135 gameboy/(19784:19784): entro a appeared_pokemon
[INFO] 23:00:37:137 gameboy/(19786:19786): entro a appeared_pokemon
[INFO] 23:00:37:145 gameboy/(19788:19788): entro a appeared_pokemon
[INFO] 01:20:07:385 gameboy/(5879:5879): entro a appeared_pokemon
[INFO] 01:20:07:412 gameboy/(5880:5880): entro a appeared_pokemon
[INFO] 01:20:07:413 gameboy/(5881:5881): entro a appeared_pokemon
[INFO] 01:20:07:415 gameboy/(5882:5882): entro a appeared_pokemon
[INFO] 01:20:07:416 gameboy/(5883:5883): entro a appeared_pokemon
[INFO] 01:28:21:420 gameboy/(6234:6234): entro a appeared_pokemon
[INFO] 01:28:21:426 gameboy/(6235:6235): entro a appeared_pokemon
[INFO] 01:28:21:432 gameboy/(6237:6237): entro a appeared_pokemon
[INFO] 01:28:21:433 gameboy/(6238:6238): entro a appeared_pokemon
[INFO] 01:28:21:443 gameboy/(6239:6239): entro a appeared_pokemon
[INFO] 01:30:03:587 gameboy/(6283:6283): entro a appeared_pokemon
[INFO] 01:30:03:593 gameboy/(6284:6284): entro a appeared_pokemon
[INFO] 01:30:03:602 gameboy/(6286:6286): entro a appeared_pokemon
[INFO] 01:30:03:619 gameboy/(6287:6287): entro a appeared_pokemon
[INFO] 01:30:03:622 gameboy/(6288:6288): entro a appeared_pokemon
[INFO] 01:41:45:777 gameboy/(7114:7114): entro a appeared_pokemon
[INFO] 01:41:45:793 gameboy/(7116:7116): entro a appeared_pokemon
[INFO] 01:41:45:804 gameboy/(7117:7117): entro a appeared_pokemon
[INFO] 01:41:45:819 gameboy/(7118:7118): entro a appeared_pokemon
[INFO] 01:41:45:831 gameboy/(7119:7119): entro a appeared_pokemon
[INFO] 01:52:06:760 gameboy/(7644:7644): entro a appeared_pokemon
[INFO] 01:52:06:771 gameboy/(7646:7646): entro a appeared_pokemon
[INFO] 01:52:06:774 gameboy/(7648:7648): entro a appeared_pokemon
[INFO] 01:52:06:777 gameboy/(7650:7650): entro a appeared_pokemon
[INFO] 01:52:06:789 gameboy/(7652:7652): entro a appeared_pokemon
[INFO] 02:00:17:877 gameboy/(7971:7971): entro a appeared_pokemon
[INFO] 02:00:17:883 gameboy/(7973:7973): entro a appeared_pokemon
[INFO] 02:00:17:889 gameboy/(7975:7975): entro a appeared_pokemon
[INFO] 02:00:17:894 gameboy/(7977:7977): entro a appeared_pokemon
[INFO] 02:00:17:905 gameboy/(7979:7979): entro a appeared_pokemon
[INFO] 22:08:54:454 gameboy/(12354:12354): entro a appeared_pokemon
[INFO] 22:08:54:461 gameboy/(12355:12355): entro a appeared_pokemon
[INFO] 22:08:54:465 gameboy/(12357:12357): entro a appeared_pokemon
[INFO] 22:08:54:481 gameboy/(12358:12358): entro a appeared_pokemon
[INFO] 22:08:54:482 gameboy/(12359:12359): entro a appeared_pokemon
[INFO] 22:10:30:237 gameboy/(12410:12410): entro a appeared_pokemon
[INFO] 22:10:30:241 gameboy/(12412:12412): entro a appeared_pokemon
[INFO] 22:10:30:256 gameboy/(12413:12413): entro a appeared_pokemon
[INFO] 22:10:30:261 gameboy/(12414:12414): entro a appeared_pokemon
[INFO] 22:10:30:274 gameboy/(12415:12415): entro a appeared_pokemon
[INFO] 22:13:35:782 gameboy/(12510:12510): entro a appeared_pokemon
[INFO] 22:13:35:792 gameboy/(12512:12512): entro a appeared_pokemon
[INFO] 22:13:35:807 gameboy/(12513:12513): entro a appeared_pokemon
[INFO] 22:13:35:813 gameboy/(12514:12514): entro a appeared_pokemon
[INFO] 22:13:35:818 gameboy/(12515:12515): entro a appeared_pokemon
[INFO] 22:28:38:189 gameboy/(12803:12803): entro a appeared_pokemon
[INFO] 22:28:38:193 gameboy/(12805:12805): entro a appeared_pokemon
[INFO] 22:28:38:204 gameboy/(12806:12806): entro a appeared_pokemon
[INFO] 22:28:38:213 gameboy/(12807:12807): entro a appeared_pokemon
[INFO] 22:28:38:242 gameboy/(12808:12808): entro a appeared_pokemon
[INFO] 22:29:35:499 gameboy/(12827:12827): entro a appeared_pokemon
[INFO] 22:29:35:512 gameboy/(12828:12828): entro a appeared_pokemon
[INFO] 22:29:35:529 gameboy/(12830:12830): entro a appeared_pokemon
[INFO] 22:29:35:539 gameboy/(12831:12831): entro a appeared_pokemon
[INFO] 22:29:35:561 gameboy/(12832:12832): entro a appeared_pokemon
[INFO] 22:37:37:364 gameboy/(13197:13197): entro a appeared_pokemon
[INFO] 22:37:37:376 gameboy/(13198:13198): entro a appeared_pokemon
[INFO] 22:37:37:378 gameboy/(13200:13200): entro a appeared_pokemon
[INFO] 22:37:37:393 gameboy/(13201:13201): entro a appeared_pokemon
[INFO] 22:37:37:398 gameboy/(13202:13202): entro a appeared_pokemon
[INFO] 22:38:14:636 gameboy/(13251:13251): entro a appeared_pokemon
[INFO] 22:38:14:641 gameboy/(13253:13253): entro a appeared_pokemon
[INFO] 22:38:14:653 gameboy/(13254:13254): entro a appeared_pokemon
[INFO] 22:38:14:665 gameboy/(13255:13255): entro a appeared_pokemon
[INFO] 22:38:14:680 gameboy/(13256:13256): entro a appeared_pokemon
[INFO] 22:46:01:232 gameboy/(13566:13566): entro a appeared_pokemon
[INFO] 22:46:01:237 gameboy/(13567:13567): entro a appeared_pokemon
[INFO] 22:46:01:245 gameboy/(13569:13569): entro a appeared_pokemon
[INFO] 22:46:01:265 gameboy/(13570:13570): entro a appeared_pokemon
[INFO] 22:46:01:271 gameboy/(13571:13571): entro a appeared_pokemon
[INFO] 22:47:41:931 gameboy/(13627:13627): entro a appeared_pokemon
[INFO] 22:47:41:941 gameboy/(13628:13628): entro a appeared_pokemon
[INFO] 22:47:41:958 gameboy/(13630:13630): entro a appeared_pokemon
[INFO] 22:47:41:960 gameboy/(13631:13631): entro a appeared_pokemon
[INFO] 22:47:41:976 gameboy/(13632:13632): entro a appeared_pokemon
[INFO] 22:50:55:509 gameboy/(13753:13753): entro a appeared_pokemon
[INFO] 22:50:55:517 gameboy/(13755:13755): entro a appeared_pokemon
[INFO] 22:50:55:524 gameboy/(13757:13757): entro a appeared_pokemon
[INFO] 22:50:55:532 gameboy/(13759:13759): entro a appeared_pokemon
[INFO] 22:50:55:549 gameboy/(13761:13761): entro a appeared_pokemon
[INFO] 22:56:57:764 gameboy/(13872:13872): entro a appeared_pokemon
[INFO] 22:56:57:769 gameboy/(13873:13873): entro a appeared_pokemon
[INFO] 22:56:57:776 gameboy/(13875:13875): entro a appeared_pokemon
[INFO] 22:56:57:785 gameboy/(13876:13876): entro a appeared_pokemon
[INFO] 22:56:57:796 gameboy/(13877:13877): entro a appeared_pokemon
[INFO] 23:04:08:194 gameboy/(14064:14064): entro a appeared_pokemon
[INFO] 23:04:08:205 gameboy/(14065:14065): entro a appeared_pokemon
[INFO] 23:04:08:216 gameboy/(14067:14067): entro a appeared_pokemon
[INFO] 23:04:08:225 gameboy/(14068:14068): entro a appeared_pokemon
[INFO] 23:04:08:230 gameboy/(14069:14069): entro a appeared_pokemon
[INFO] 23:37:43:885 gameboy/(14867:14867): entro a appeared_pokemon
[INFO] 23:37:43:889 gameboy/(14869:14869): entro a appeared_pokemon
[INFO] 23:37:43:899 gameboy/(14870:14870): entro a appeared_pokemon
[INFO] 23:37:43:919 gameboy/(14871:14871): entro a appeared_pokemon
[INFO] 23:37:43:925 gameboy/(14872:14872): entro a appeared_pokemon
[INFO] 23:39:00:437 gameboy/(14924:14924): entro a appeared_pokemon
[INFO] 23:39:00:446 gameboy/(14925:14925): entro a appeared_pokemon
[INFO] 23:39:00:459 gameboy/(14927:14927): entro a appeared_pokemon
[INFO] 23:39:00:466 gameboy/(14928:14928): entro a appeared_pokemon
[INFO] 23:39:00:484 gameboy/(14929:14929): entro a appeared_pokemon
[INFO] 23:39:56:29 gameboy/(15001:15001): entro a appeared_pokemon
[INFO] 23:39:56:39 gameboy/(15003:15003): entro a appeared_pokemon
[INFO] 23:39:56:43 gameboy/(15005:15005): entro a appeared_pokemon
[INFO] 23:39:56:53 gameboy/(15007:15007): entro a appeared_pokemon
[INFO] 23:39:56:66 gameboy/(15009:15009): entro a appeared_pokemon
[INFO] 23:54:14:279 gameboy/(15383:15383): entro a appeared_pokemon
[INFO] 23:54:14:287 gameboy/(15385:15385): entro a appeared_pokemon
[INFO] 23:54:14:294 gameboy/(15387:15387): entro a appeared_pokemon
[INFO] 23:54:14:305 gameboy/(15389:15389): entro a appeared_pokemon
[INFO] 23:54:14:315 gameboy/(15391:15391): entro a appeared_pokemon
[INFO] 00:08:34:981 gameboy/(16051:16051): entro a appeared_pokemon
[INFO] 00:08:34:985 gameboy/(16052:16052): entro a appeared_pokemon
[INFO] 00:08:34:993 gameboy/(16054:16054): entro a appeared_pokemon
[INFO] 00:08:34:998 gameboy/(16055:16055): entro a appeared_pokemon
[INFO] 00:08:35:9 gameboy/(16056:16056): entro a appeared_pokemon
[INFO] 00:11:07:353 gameboy/(16164:16164): entro a appeared_pokemon
[INFO] 00:11:07:354 gameboy/(16165:16165): entro a appeared_pokemon
[INFO] 00:11:07:355 gameboy/(16166:16166): entro a appeared_pokemon
[INFO] 00:11:07:356 gameboy/(16167:16167): entro a appeared_pokemon
[INFO] 00:11:07:360 gameboy/(16168:16168): entro a appeared_pokemon
[INFO] 00:11:20:753 gameboy/(16181:16181): entro a appeared_pokemon
[INFO] 00:11:20:760 gameboy/(16183:16183): entro a appeared_pokemon
[INFO] 00:11:20:768 gameboy/(16185:16185): entro a appeared_pokemon
[INFO] 00:11:20:777 gameboy/(16187:16187): entro a appeared_pokemon
[INFO] 00:11:20:795 gameboy/(16189:16189): entro a appeared_pokemon
[INFO] 00:11:48:245 gameboy/(16269:16269): entro a appeared_pokemon
[INFO] 00:11:48:255 gameboy/(16271:16271): entro a appeared_pokemon
[INFO] 00:11:48:265 gameboy/(16273:16273): entro a appeared_pokemon
[INFO] 00:11:48:271 gameboy/(16275:16275): entro a appeared_pokemon
[INFO] 00:11:48:285 gameboy/(16277:16277): entro a appeared_pokemon
[INFO] 00:12:44:632 gameboy/(16422:16422): entro a appeared_pokemon
[INFO] 00:12:44:651 gameboy/(16424:16424): entro a appeared_pokemon
[INFO] 00:12:44:663 gameboy/(16426:16426): entro a appeared_pokemon
[INFO] 00:12:44:677 gameboy/(16428:16428): entro a appeared_pokemon
[INFO] 00:12:44:699 gameboy/(16430:16430): entro a appeared_pokemon
[INFO] 00:15:53:823 gameboy/(16513:16513): entro a appeared_pokemon
[INFO] 00:15:53:825 gameboy/(16514:16514): entro a appeared_pokemon
[INFO] 00:15:53:833 gameboy/(16515:16515): entro a appeared_pokemon
[INFO] 00:15:53:845 gameboy/(16517:16517): entro a appeared_pokemon
[INFO] 00:15:53:855 gameboy/(16518:16518): entro a appeared_pokemon
[INFO] 00:17:13:103 gameboy/(16574:16574): entro a appeared_pokemon
[INFO] 00:17:13:117 gameboy/(16575:16575): entro a appeared_pokemon
[INFO] 00:17:13:133 gameboy/(16577:16577): entro a appeared_pokemon
[INFO] 00:17:13:134 gameboy/(16578:16578): entro a appeared_pokemon
[INFO] 00:17:13:154 gameboy/(16579:16579): entro a appeared_pokemon
[INFO] 00:19:05:4 gameboy/(16636:16636): entro a appeared_pokemon
[INFO] 00:19:05:10 gameboy/(16638:16638): entro a appeared_pokemon
[INFO] 00:19:05:17 gameboy/(16639:16639): entro a appeared_pokemon
[INFO] 00:19:05:19 gameboy/(16640:16640): entro a appeared_pokemon
[INFO] 00:19:05:41 gameboy/(16641:16641): entro a appeared_pokemon
[INFO] 00:21:17:688 gameboy/(16797:16797): entro a appeared_pokemon
[INFO] 00:21:17:699 gameboy/(16799:16799): entro a appeared_pokemon
[INFO] 00:21:17:705 gameboy/(16802:16802): entro a appeared_pokemon
[INFO] 00:21:17:721 gameboy/(16804:16804): entro a appeared_pokemon
[INFO] 00:21:17:728 gameboy/(16806:16806): entro a appeared_pokemon
[INFO] 00:26:22:287 gameboy/(16884:16884): entro a appeared_pokemon
[INFO] 00:26:22:294 gameboy/(16886:16886): entro a appeared_pokemon
[INFO] 00:26:22:299 gameboy/(16888:16888): entro a appeared_pokemon
[INFO] 00:26:22:300 gameboy/(16890:16890): entro a appeared_pokemon
[INFO] 00:26:22:309 gameboy/(16892:16892): entro a appeared_pokemon
[INFO] 23:20:49:154 gameboy/(12073:12073): entro a appeared_pokemon
[INFO] 23:20:49:165 gameboy/(12074:12074): entro a appeared_pokemon
[INFO] 23:20:49:166 gameboy/(12075:12075): entro a appeared_pokemon
[INFO] 23:20:49:169 gameboy/(12076:12076): entro a appeared_pokemon
[INFO] 23:20:49:177 gameboy/(12077:12077): entro a appeared_pokemon
[INFO] 23:20:51:465 gameboy/(12079:12079): entro a appeared_pokemon
[INFO] 23:20:51:468 gameboy/(12080:12080): entro a appeared_pokemon
[INFO] 23:20:51:476 gameboy/(12081:12081): entro a appeared_pokemon
[INFO] 23:20:51:489 gameboy/(12082:12082): entro a appeared_pokemon
[INFO] 23:20:51:493 gameboy/(12083:12083): entro a appeared_pokemon
[INFO] 23:21:01:406 gameboy/(12087:12087): entro a appeared_pokemon
[INFO] 23:21:01:414 gameboy/(12088:12088): entro a appeared_pokemon
[INFO] 23:21:01:421 gameboy/(12089:12089): entro a appeared_pokemon
[INFO] 23:21:01:425 gameboy/(12090:12090): entro a appeared_pokemon
[INFO] 23:21:01:438 gameboy/(12091:12091): entro a appeared_pokemon
[INFO] 23:21:04:39 gameboy/(12095:12095): entro a appeared_pokemon
[INFO] 23:21:04:48 gameboy/(12096:12096): entro a appeared_pokemon
[INFO] 23:21:04:56 gameboy/(12097:12097): entro a appeared_pokemon
[INFO] 23:21:04:65 gameboy/(12098:12098): entro a appeared_pokemon
[INFO] 23:21:04:70 gameboy/(12099:12099): entro a appeared_pokemon
[INFO] 23:21:05:122 gameboy/(12101:12101): entro a appeared_pokemon
[INFO] 23:21:05:133 gameboy/(12102:12102): entro a appeared_pokemon
[INFO] 23:21:05:141 gameboy/(12103:12103): entro a appeared_pokemon
[INFO] 23:21:05:151 gameboy/(12104:12104): entro a appeared_pokemon
[INFO] 23:21:05:161 gameboy/(12105:12105): entro a appeared_pokemon
[INFO] 23:21:05:973 gameboy/(12107:12107): entro a appeared_pokemon
[INFO] 23:21:05:978 gameboy/(12108:12108): entro a appeared_pokemon
[INFO] 23:21:05:989 gameboy/(12109:12109): entro a appeared_pokemon
[INFO] 23:21:05:996 gameboy/(12110:12110): entro a appeared_pokemon
[INFO] 23:21:06:10 gameboy/(12111:12111): entro a appeared_pokemon
[INFO] 23:21:06:786 gameboy/(12113:12113): entro a appeared_pokemon
[INFO] 23:21:06:790 gameboy/(12114:12114): entro a appeared_pokemon
[INFO] 23:21:06:804 gameboy/(12115:12115): entro a appeared_pokemon
[INFO] 23:21:06:813 gameboy/(12116:12116): entro a appeared_pokemon
[INFO] 23:21:06:817 gameboy/(12117:12117): entro a appeared_pokemon
[INFO] 23:21:07:618 gameboy/(12119:12119): entro a appeared_pokemon
[INFO] 23:21:07:629 gameboy/(12120:12120): entro a appeared_pokemon
[INFO] 23:21:07:632 gameboy/(12121:12121): entro a appeared_pokemon
[INFO] 23:21:07:648 gameboy/(12122:12122): entro a appeared_pokemon
[INFO] 23:21:07:652 gameboy/(12123:12123): entro a appeared_pokemon
[INFO] 23:21:08:353 gameboy/(12125:12125): entro a appeared_pokemon
[INFO] 23:21:08:357 gameboy/(12127:12127): entro a appeared_pokemon
[INFO] 23:21:08:361 gameboy/(12128:12128): entro a appeared_pokemon
[INFO] 23:21:08:365 gameboy/(12129:12129): entro a appeared_pokemon
[INFO] 23:21:08:370 gameboy/(12130:12130): entro a appeared_pokemon
[INFO] 23:21:09:120 gameboy/(12132:12132): entro a appeared_pokemon
[INFO] 23:21:09:125 gameboy/(12133:12133): entro a appeared_pokemon
[INFO] 23:21:09:133 gameboy/(12134:12134): entro a appeared_pokemon
[INFO] 23:21:09:142 gameboy/(12135:12135): entro a appeared_pokemon
[INFO] 23:21:09:148 gameboy/(12136:12136): entro a appeared_pokemon
[INFO] 23:21:09:813 gameboy/(12138:12138): entro a appeared_pokemon
[INFO] 23:21:09:825 gameboy/(12139:12139): entro a appeared_pokemon
[INFO] 23:21:09:829 gameboy/(12140:12140): entro a appeared_pokemon
[INFO] 23:21:09:840 gameboy/(12141:12141): entro a appeared_pokemon
[INFO] 23:21:09:845 gameboy/(12142:12142): entro a appeared_pokemon
[INFO] 23:21:10:516 gameboy/(12144:12144): entro a appeared_pokemon
[INFO] 23:21:10:521 gameboy/(12145:12145): entro a appeared_pokemon
[INFO] 23:21:10:529 gameboy/(12146:12146): entro a appeared_pokemon
[INFO] 23:21:10:540 gameboy/(12147:12147): entro a appeared_pokemon
[INFO] 23:21:10:548 gameboy/(12148:12148): entro a appeared_pokemon
[INFO] 23:21:12:33 gameboy/(12150:12150): entro a appeared_pokemon
[INFO] 23:21:12:41 gameboy/(12151:12151): entro a appeared_pokemon
[INFO] 23:21:12:47 gameboy/(12152:12152): entro a appeared_pokemon
[INFO] 23:21:12:59 gameboy/(12153:12153): entro a appeared_pokemon
[INFO] 23:21:12:64 gameboy/(12154:12154): entro a appeared_pokemon
[INFO] 23:21:33:969 gameboy/(12201:12201): entro a appeared_pokemon
[INFO] 23:21:33:974 gameboy/(12203:12203): entro a appeared_pokemon
[INFO] 23:21:33:978 gameboy/(12205:12205): entro a appeared_pokemon
[INFO] 23:21:33:981 gameboy/(12207:12207): entro a appeared_pokemon
[INFO] 23:21:33:993 gameboy/(12209:12209): entro a appeared_pokemon
[INFO] 23:22:47:699 gameboy/(12248:12248): entro a appeared_pokemon
[INFO] 23:22:47:706 gameboy/(12250:12250): entro a appeared_pokemon
[INFO] 23:22:47:711 gameboy/(12252:12252): entro a appeared_pokemon
[INFO] 23:22:47:721 gameboy/(12254:12254): entro a appeared_pokemon
[INFO] 23:22:47:741 gameboy/(12256:12256): entro a appeared_pokemon
[INFO] 23:23:19:893 gameboy/(12288:12288): entro a appeared_pokemon
[INFO] 23:23:19:901 gameboy/(12289:12289): entro a appeared_pokemon
[INFO] 23:23:19:906 gameboy/(12290:12290): entro a appeared_pokemon
[INFO] 23:23:19:915 gameboy/(12291:12291): entro a appeared_pokemon
[INFO] 23:23:19:921 gameboy/(12292:12292): entro a appeared_pokemon
[INFO] 23:48:26:109 gameboy/(14056:14056): entro a appeared_pokemon
[INFO] 23:48:26:121 gameboy/(14057:14057): entro a appeared_pokemon
[INFO] 23:48:26:123 gameboy/(14059:14059): entro a appeared_pokemon
[INFO] 23:48:26:132 gameboy/(14060:14060): entro a appeared_pokemon
[INFO] 23:48:26:148 gameboy/(14061:14061): entro a appeared_pokemon
[INFO] 23:49:36:49 gameboy/(14200:14200): entro a appeared_pokemon
[INFO] 23:49:36:58 gameboy/(14201:14201): entro a appeared_pokemon
[INFO] 23:49:36:65 gameboy/(14203:14203): entro a appeared_pokemon
[INFO] 23:49:36:81 gameboy/(14204:14204): entro a appeared_pokemon
[INFO] 23:49:36:87 gameboy/(14205:14205): entro a appeared_pokemon
[INFO] 23:55:26:770 gameboy/(14429:14429): entro a appeared_pokemon
[INFO] 23:55:26:785 gameboy/(14430:14430): entro a appeared_pokemon
[INFO] 23:55:26:796 gameboy/(14432:14432): entro a appeared_pokemon
[INFO] 23:55:26:808 gameboy/(14433:14433): entro a appeared_pokemon
[INFO] 23:55:26:813 gameboy/(14434:14434): entro a appeared_pokemon
[INFO] 00:00:37:597 gameboy/(14583:14583): entro a appeared_pokemon
[INFO] 00:00:37:602 gameboy/(14585:14585): entro a appeared_pokemon
[INFO] 00:00:37:604 gameboy/(14587:14587): entro a appeared_pokemon
[INFO] 00:00:37:607 gameboy/(14589:14589): entro a appeared_pokemon
[INFO] 00:00:37:634 gameboy/(14591:14591): entro a appeared_pokemon
[INFO] 00:02:15:753 gameboy/(14678:14678): entro a appeared_pokemon
[INFO] 00:02:15:758 gameboy/(14679:14679): entro a appeared_pokemon
[INFO] 00:02:15:766 gameboy/(14680:14680): entro a appeared_pokemon
[INFO] 00:02:15:775 gameboy/(14682:14682): entro a appeared_pokemon
[INFO] 00:02:15:785 gameboy/(14683:14683): entro a appeared_pokemon
[INFO] 00:08:22:443 gameboy/(14855:14855): entro a appeared_pokemon
[INFO] 00:08:22:449 gameboy/(14856:14856): entro a appeared_pokemon
[INFO] 00:08:22:456 gameboy/(14857:14857): entro a appeared_pokemon
[INFO] 00:08:22:463 gameboy/(14859:14859): entro a appeared_pokemon
[INFO] 00:08:22:470 gameboy/(14860:14860): entro a appeared_pokemon
[INFO] 01:11:08:626 gameboy/(16996:16996): entro a appeared_pokemon
[INFO] 01:11:08:632 gameboy/(16998:16998): entro a appeared_pokemon
[INFO] 01:11:08:634 gameboy/(17000:17000): entro a appeared_pokemon
[INFO] 01:11:08:642 gameboy/(17002:17002): entro a appeared_pokemon
[INFO] 01:11:08:672 gameboy/(17004:17004): entro a appeared_pokemon
[INFO] 01:17:35:179 gameboy/(17377:17377): entro a appeared_pokemon
[INFO] 01:17:35:186 gameboy/(17379:17379): entro a appeared_pokemon
[INFO] 01:17:35:188 gameboy/(17381:17381): entro a appeared_pokemon
[INFO] 01:17:35:191 gameboy/(17383:17383): entro a appeared_pokemon
[INFO] 01:17:35:205 gameboy/(17385:17385): entro a appeared_pokemon
[INFO] 03:03:03:314 gameboy/(19319:19319): entro a appeared_pokemon
[INFO] 03:03:03:318 gameboy/(19321:19321): entro a appeared_pokemon
[INFO] 03:03:03:320 gameboy/(19323:19323): entro a appeared_pokemon
[INFO] 03:03:03:324 gameboy/(19325:19325): entro a appeared_pokemon
[INFO] 03:03:03:338 gameboy/(19327:19327): entro a appeared_pokemon
[INFO] 03:04:18:57 gameboy/(19384:19384): entro a appeared_pokemon
[INFO] 03:04:18:61 gameboy/(19386:19386): entro a appeared_pokemon
[INFO] 03:04:18:64 gameboy/(19388:19388): entro a appeared_pokemon
[INFO] 03:04:18:67 gameboy/(19390:19390): entro a appeared_pokemon
[INFO] 03:04:18:80 gameboy/(19392:19392): entro a appeared_pokemon
[INFO] 03:08:08:699 gameboy/(19484:19484): entro a appeared_pokemon
[INFO] 03:08:08:704 gameboy/(19486:19486): entro a appeared_pokemon
[INFO] 03:08:08:708 gameboy/(19488:19488): entro a appeared_pokemon
[INFO] 03:08:08:710 gameboy/(19490:19490): entro a appeared_pokemon
[INFO] 03:08:08:724 gameboy/(19492:19492): entro a appeared_pokemon
[INFO] 03:44:04:883 gameboy/(20259:20259): entro a appeared_pokemon
[INFO] 03:44:04:889 gameboy/(20261:20261): entro a appeared_pokemon
[INFO] 03:44:04:892 gameboy/(20263:20263): entro a appeared_pokemon
[INFO] 03:44:04:894 gameboy/(20265:20265): entro a appeared_pokemon
[INFO] 03:44:04:909 gameboy/(20267:20267): entro a appeared_pokemon
[INFO] 05:02:07:509 gameboy/(20954:20954): entro a appeared_pokemon
[INFO] 05:02:07:514 gameboy/(20956:20956): entro a appeared_pokemon
[INFO] 05:02:07:517 gameboy/(20958:20958): entro a appeared_pokemon
[INFO] 05:02:07:520 gameboy/(20960:20960): entro a appeared_pokemon
[INFO] 05:02:07:553 gameboy/(20962:20962): entro a appeared_pokemon
[INFO] 05:04:35:845 gameboy/(21011:21011): entro a appeared_pokemon
[INFO] 05:04:35:850 gameboy/(21013:21013): entro a appeared_pokemon
[INFO] 05:04:35:852 gameboy/(21015:21015): entro a appeared_pokemon
[INFO] 05:04:35:854 gameboy/(21017:21017): entro a appeared_pokemon
[INFO] 05:04:35:869 gameboy/(21019:21019): entro a appeared_pokemon
[INFO] 05:05:55:261 gameboy/(21054:21054): entro a appeared_pokemon
[INFO] 05:05:55:267 gameboy/(21056:21056): entro a appeared_pokemon
[INFO] 05:05:55:269 gameboy/(21058:21058): entro a appeared_pokemon
[INFO] 05:05:55:273 gameboy/(21060:21060): entro a appeared_pokemon
[INFO] 05:05:55:288 gameboy/(21062:21062): entro a appeared_pokemon
[INFO] 05:14:24:410 gameboy/(21149:21149): entro a appeared_pokemon
[INFO] 05:14:24:417 gameboy/(21151:21151): entro a appeared_pokemon
[INFO] 05:14:24:419 gameboy/(21153:21153): entro a appeared_pokemon
[INFO] 05:14:24:422 gameboy/(21155:21155): entro a appeared_pokemon
[INFO] 05:14:24:435 gameboy/(21157:21157): entro a appeared_pokemon
[INFO] 05:14:45:885 gameboy/(21171:21171): entro a appeared_pokemon
[INFO] 05:14:45:897 gameboy/(21172:21172): entro a appeared_pokemon
[INFO] 05:14:45:899 gameboy/(21173:21173): entro a appeared_pokemon
[INFO] 05:14:45:913 gameboy/(21174:21174): entro a appeared_pokemon
[INFO] 05:14:45:917 gameboy/(21176:21176): entro a appeared_pokemon
[INFO] 05:17:50:218 gameboy/(21250:21250): entro a appeared_pokemon
[INFO] 05:17:50:224 gameboy/(21251:21251): entro a appeared_pokemon
[INFO] 05:17:50:232 gameboy/(21252:21252): entro a appeared_pokemon
[INFO] 05:17:50:245 gameboy/(21254:21254): entro a appeared_pokemon
[INFO] 05:17:50:249 gameboy/(21255:21255): entro a appeared_pokemon
[INFO] 05:18:43:402 gameboy/(21308:21308): entro a appeared_pokemon
[INFO] 05:18:43:413 gameboy/(21309:21309): entro a appeared_pokemon
[INFO] 05:18:43:416 gameboy/(21311:21311): entro a appeared_pokemon
[INFO] 05:18:43:421 gameboy/(21312:21312): entro a appeared_pokemon
[INFO] 05:18:43:437 gameboy/(21313:21313): entro a appeared_pokemon
[INFO] 06:04:39:241 gameboy/(22138:22138): entro a appeared_pokemon
[INFO] 06:04:39:248 gameboy/(22140:22140): entro a appeared_pokemon
[INFO] 06:04:39:249 gameboy/(22142:22142): entro a appeared_pokemon
[INFO] 06:04:39:251 gameboy/(22144:22144): entro a appeared_pokemon
[INFO] 06:04:39:266 gameboy/(22146:22146): entro a appeared_pokemon
[INFO] 06:39:54:881 gameboy/(23613:23613): entro a appeared_pokemon
[INFO] 06:39:54:885 gameboy/(23615:23615): entro a appeared_pokemon
[INFO] 06:39:54:887 gameboy/(23617:23617): entro a appeared_pokemon
[INFO] 06:39:54:888 gameboy/(23619:23619): entro a appeared_pokemon
[INFO] 06:39:54:899 gameboy/(23621:23621): entro a appeared_pokemon
[INFO] 06:41:26:601 gameboy/(23688:23688): entro a appeared_pokemon
[INFO] 06:41:26:602 gameboy/(23690:23690): entro a appeared_pokemon
[INFO] 06:41:26:604 gameboy/(23692:23692): entro a appeared_pokemon
[INFO] 06:41:26:605 gameboy/(23694:23694): entro a appeared_pokemon
[INFO] 06:41:26:617 gameboy/(23696:23696): entro a appeared_pokemon
[INFO] 06:43:21:798 gameboy/(23746:23746): entro a appeared_pokemon
[INFO] 06:43:21:802 gameboy/(23748:23748): entro a appeared_pokemon
[INFO] 06:43:21:804 gameboy/(23750:23750): entro a appeared_pokemon
[INFO] 06:43:21:806 gameboy/(23752:23752): entro a appeared_pokemon
[INFO] 06:43:21:820 gameboy/(23754:23754): entro a appeared_pokemon
[INFO] 06:45:48:490 gameboy/(23848:23848): entro a appeared_pokemon
[INFO] 06:45:48:494 gameboy/(23850:23850): entro a appeared_pokemon
[INFO] 06:45:48:496 gameboy/(23852:23852): entro a appeared_pokemon
[INFO] 06:45:48:497 gameboy/(23854:23854): entro a appeared_pokemon
[INFO] 06:45:48:506 gameboy/(23856:23856): entro a appeared_pokemon
[INFO] 06:47:06:185 gameboy/(23907:23907): entro a appeared_pokemon
[INFO] 06:47:06:189 gameboy/(23909:23909): entro a appeared_pokemon
[INFO] 06:47:06:190 gameboy/(23911:23911): entro a appeared_pokemon
[INFO] 06:47:06:191 gameboy/(23913:23913): entro a appeared_pokemon
[INFO] 06:47:06:201 gameboy/(23915:23915): entro a appeared_pokemon
[INFO] 07:18:59:22 gameboy/(25085:25085): entro a appeared_pokemon
[INFO] 07:18:59:24 gameboy/(25087:25087): entro a appeared_pokemon
[INFO] 07:18:59:25 gameboy/(25089:25089): entro a appeared_pokemon
[INFO] 07:18:59:27 gameboy/(25091:25091): entro a appeared_pokemon
[INFO] 07:18:59:33 gameboy/(25093:25093): entro a appeared_pokemon
[INFO] 07:21:57:290 gameboy/(25162:25162): entro a appeared_pokemon
[INFO] 07:21:57:296 gameboy/(25164:25164): entro a appeared_pokemon
[INFO] 07:21:57:297 gameboy/(25166:25166): entro a appeared_pokemon
[INFO] 07:21:57:298 gameboy/(25168:25168): entro a appeared_pokemon
[INFO] 07:21:57:308 gameboy/(25170:25170): entro a appeared_pokemon
[INFO] 08:31:35:357 gameboy/(26924:26924): entro a appeared_pokemon
[INFO] 08:31:35:361 gameboy/(26926:26926): entro a appeared_pokemon
[INFO] 08:31:35:367 gameboy/(26928:26928): entro a appeared_pokemon
[INFO] 08:31:35:372 gameboy/(26930:26930): entro a appeared_pokemon
[INFO] 08:31:35:389 gameboy/(26932:26932): entro a appeared_pokemon
[INFO] 08:49:37:339 gameboy/(27404:27404): entro a appeared_pokemon
[INFO] 08:49:37:345 gameboy/(27406:27406): entro a appeared_pokemon
[INFO] 08:49:37:351 gameboy/(27408:27408): entro a appeared_pokemon
[INFO] 08:49:37:358 gameboy/(27410:27410): entro a appeared_pokemon
[INFO] 08:49:37:377 gameboy/(27412:27412): entro a appeared_pokemon
[INFO] 08:50:41:379 gameboy/(27457:27457): entro a appeared_pokemon
[INFO] 08:50:41:390 gameboy/(27458:27458): entro a appeared_pokemon
[INFO] 08:50:41:393 gameboy/(27460:27460): entro a appeared_pokemon
[INFO] 08:50:41:397 gameboy/(27461:27461): entro a appeared_pokemon
[INFO] 08:50:41:407 gameboy/(27462:27462): entro a appeared_pokemon
[INFO] 08:52:43:182 gameboy/(27548:27548): entro a appeared_pokemon
[INFO] 08:52:43:187 gameboy/(27550:27550): entro a appeared_pokemon
[INFO] 08:52:43:195 gameboy/(27552:27552): entro a appeared_pokemon
[INFO] 08:52:43:200 gameboy/(27554:27554): entro a appeared_pokemon
[INFO] 08:52:43:221 gameboy/(27556:27556): entro a appeared_pokemon
[INFO] 08:55:03:543 gameboy/(27665:27665): entro a appeared_pokemon
[INFO] 08:55:03:553 gameboy/(27667:27667): entro a appeared_pokemon
[INFO] 08:55:03:560 gameboy/(27669:27669): entro a appeared_pokemon
[INFO] 08:55:03:570 gameboy/(27671:27671): entro a appeared_pokemon
[INFO] 08:55:03:582 gameboy/(27673:27673): entro a appeared_pokemon
[INFO] 09:04:28:591 gameboy/(3390:3390): entro a appeared_pokemon
[INFO] 09:04:28:594 gameboy/(3392:3392): entro a appeared_pokemon
[INFO] 09:04:28:596 gameboy/(3394:3394): entro a appeared_pokemon
[INFO] 09:04:28:598 gameboy/(3396:3396): entro a appeared_pokemon
[INFO] 09:04:28:605 gameboy/(3398:3398): entro a appeared_pokemon
