[INFO] 02:06:49:526 broker/(21294:21303): SIZE BUFFER EN REGISTER: 12

[INFO] 02:08:53:456 broker/(21365:21374): SIZE BUFFER EN REGISTER: 12

[INFO] 02:09:33:381 broker/(21418:21427): SIZE BUFFER EN REGISTER: 12

[INFO] 02:10:10:677 broker/(21471:21480): SIZE BUFFER EN REGISTER: 12

[INFO] 02:10:39:816 broker/(21471:21490): SIZE BUFFER EN REGISTER: 12

[INFO] 02:11:40:742 broker/(21537:21546): SIZE BUFFER EN REGISTER: 12

[INFO] 02:13:27:695 broker/(21608:21617): SIZE BUFFER EN REGISTER: 12

[INFO] 02:14:10:835 broker/(21651:21660): SIZE BUFFER EN REGISTER: 12

[INFO] 02:17:48:598 broker/(21751:21760): SIZE BUFFER EN REGISTER: 12

[INFO] 02:18:28:201 broker/(21806:21815): SIZE BUFFER EN REGISTER: 12

[INFO] 02:19:53:436 broker/(21847:21856): SIZE BUFFER EN REGISTER: 12

[INFO] 23:53:57:354 broker/(5362:5364): SIZE BUFFER EN REGISTER: 12

[INFO] 23:57:56:273 broker/(5481:5490): SIZE BUFFER EN REGISTER: 12

[INFO] 00:04:06:33 broker/(5658:5668): SIZE BUFFER EN REGISTER: 12

[INFO] 00:04:53:939 broker/(5714:5723): SIZE BUFFER EN REGISTER: 12

[INFO] 00:05:39:645 broker/(5781:5790): SIZE BUFFER EN REGISTER: 12

[INFO] 00:05:39:647 broker/(5781:5790): Hola desde el logger
[INFO] 00:06:49:962 broker/(5830:5839): SIZE BUFFER EN REGISTER: 12

[INFO] 00:06:49:963 broker/(5830:5839): Hola desde el logger
[INFO] 00:07:52:9 broker/(5870:5880): SIZE BUFFER EN REGISTER: 12

[INFO] 00:07:52:12 broker/(5870:5880): Hola desde el logger
[INFO] 00:10:52:493 broker/(5959:5968): SIZE BUFFER EN REGISTER: 12

[INFO] 00:10:52:497 broker/(5959:5968): Hola desde el logger
[INFO] 00:13:40:672 broker/(6069:6078): SIZE BUFFER EN REGISTER: 12

[INFO] 00:13:40:674 broker/(6069:6078): Hola desde el logger
[INFO] 00:14:28:560 broker/(6108:6117): SIZE BUFFER EN REGISTER: 12

[INFO] 00:14:28:562 broker/(6108:6117): Hola desde el logger
[INFO] 01:08:41:178 broker/(7849:7857): SIZE BUFFER EN REGISTER: 4

[INFO] 00:39:33:91 broker/(5290:5331): PIKACHU
[INFO] 00:40:04:280 broker/(5290:5352): PIKACHU
[INFO] 00:41:07:531 broker/(5383:5385): PIKACHU
[INFO] 00:41:19:826 broker/(5404:5413): PIKACHU
[INFO] 00:41:24:7 broker/(5404:5427): PIKACHU
[INFO] 00:41:25:967 broker/(5404:5429): PIKACHU
[INFO] 00:48:00:751 broker/(5537:5693): PIKACHU
[INFO] 00:48:12:316 broker/(5537:5702): PIKACHU
[INFO] 00:49:59:587 broker/(5746:5755): PIKACHU
[INFO] 00:50:04:812 broker/(5746:5764): PIKACHU
[INFO] 00:50:07:848 broker/(5746:5766): PIKACHU
[INFO] 00:53:19:700 broker/(5833:5842): PIKACHU
[INFO] 00:53:24:843 broker/(5833:5851): PIKACHU
[INFO] 00:53:33:514 broker/(5833:5861): PIKACHU
[INFO] 00:55:28:704 broker/(5908:5917): PIKACHU
[INFO] 00:55:54:65 broker/(5945:5954): PIKACHU
[INFO] 00:55:56:807 broker/(5945:5956): PIKACHU
[INFO] 00:55:59:459 broker/(5945:5965): PIKACHU
[INFO] 00:56:15:407 broker/(5945:5975): PIKACHU
[INFO] 00:56:27:743 broker/(5945:5984): PIKACHU
[INFO] 00:56:30:694 broker/(5945:5988): PIKACHU
[INFO] 00:56:31:767 broker/(5945:5990): PIKACHU
[INFO] 00:56:32:144 broker/(5945:5992): PIKACHU
[INFO] 00:56:32:572 broker/(5945:6001): PIKACHU
[INFO] 00:56:43:727 broker/(5945:6010): PIKACHU
[INFO] 00:57:36:731 broker/(6064:6073): PIKACHU
[INFO] 00:57:44:547 broker/(6064:6082): PIKACHU
[INFO] 00:57:47:827 broker/(6064:6091): PIKACHU
[INFO] 00:59:33:553 broker/(6174:6183): PIKACHU
[INFO] 00:59:41:895 broker/(6174:6194): CHARIZARD
[INFO] 01:03:01:623 broker/(6248:6257): PIKACHU
[INFO] 01:03:03:795 broker/(6248:6259): CHARIZARD
[INFO] 01:05:47:791 broker/(6331:6346): PIKACHU
[INFO] 01:05:48:847 broker/(6331:6348): CHARIZARD
[INFO] 01:07:00:995 broker/(6381:6416): PIKACHU
[INFO] 01:07:01:978 broker/(6381:6419): CHARIZARD
[INFO] 23:47:24:577 broker/(24960:24988): SIZE BUFFER EN REGISTER: 4

[INFO] 23:47:56:421 broker/(24960:24998): SIZE BUFFER EN REGISTER: 4

[INFO] 23:49:23:431 broker/(24960:25135): SIZE BUFFER EN REGISTER: 4

[INFO] 23:57:08:752 broker/(25246:25248): SIZE BUFFER EN REGISTER: 4

[INFO] 23:57:22:789 broker/(25246:25251): SIZE BUFFER EN REGISTER: 4

[INFO] 23:57:29:388 broker/(25246:25253): SIZE BUFFER EN REGISTER: 4

[INFO] 23:58:02:610 broker/(25246:25257): SIZE BUFFER EN REGISTER: 4

[INFO] 23:58:05:874 broker/(25246:25259): SIZE BUFFER EN REGISTER: 4

[INFO] 23:58:11:856 broker/(25246:25261): SIZE BUFFER EN REGISTER: 4

[INFO] 23:58:15:652 broker/(25246:25263): SIZE BUFFER EN REGISTER: 4

[INFO] 23:58:24:322 broker/(25264:25266): SIZE BUFFER EN REGISTER: 4

[INFO] 00:01:22:692 broker/(25264:25295): SIZE BUFFER EN NEW: 24
[INFO] 00:01:22:693 broker/(25264:25295): PIKACHU
[INFO] 00:02:23:53 broker/(25264:25311): PIKACHU
[INFO] 00:02:37:464 broker/(25264:25313): PIKA
[INFO] 00:02:43:29 broker/(25264:25315): PIDDDDDDDKA
[INFO] 00:56:56:501 broker/(6552:6689): PIKA
[INFO] 01:21:15:455 broker/(7321:7403): PIKA
[INFO] 01:24:20:121 broker/(7321:7445): PIKA
[INFO] 01:32:52:503 broker/(7975:7999): PIKA
[INFO] 01:36:37:485 broker/(8150:8153): PIKA
[INFO] 01:36:48:13 broker/(8150:8162): PIKA
[INFO] 01:36:52:37 broker/(8150:8164): PIKA
[INFO] 01:36:58:728 broker/(8150:8166): PIKA
[INFO] 01:57:29:678 broker/(8761:8880): SIZE BUFFER EN REGISTER: 4

[INFO] 01:57:49:603 broker/(8761:8886): SIZE BUFFER EN REGISTER: 4

[INFO] 02:02:12:129 broker/(8761:9046): SIZE BUFFER EN REGISTER: 4

[INFO] 02:03:13:977 broker/(8761:9090): SIZE BUFFER EN REGISTER: 4

[INFO] 02:03:20:574 broker/(8761:9092): SIZE BUFFER EN REGISTER: 4

[INFO] 20:05:35:51 broker/(14111:14114): SIZE BUFFER EN REGISTER: 4

[INFO] 20:06:06:372 broker/(14111:14130): SIZE BUFFER EN REGISTER: 4

[INFO] 20:07:18:764 broker/(14170:14172): SIZE BUFFER EN REGISTER: 4

[INFO] 20:15:10:30 broker/(27733:27742): SIZE BUFFER EN REGISTER: 4

[INFO] 20:15:12:918 broker/(27733:27744): SIZE BUFFER EN REGISTER: 4

[INFO] 21:32:37:524 broker/(29538:29540): SIZE BUFFER EN REGISTER: 4

[INFO] 21:32:46:336 broker/(29538:29543): SIZE BUFFER EN REGISTER: 4

[INFO] 21:34:16:881 broker/(31867:31869): SIZE BUFFER EN REGISTER: 4

[INFO] 21:34:21:99 broker/(31867:31871): SIZE BUFFER EN REGISTER: 4

[INFO] 18:06:56:515 broker/(3261:3266): SIZE BUFFER EN REGISTER: 4

[INFO] 18:07:00:212 broker/(3261:3268): SIZE BUFFER EN REGISTER: 4

[INFO] 18:19:18:920 broker/(3468:3472): SIZE BUFFER EN REGISTER: 4

[INFO] 18:19:23:219 broker/(3468:3474): SIZE BUFFER EN REGISTER: 4

[INFO] 18:23:36:673 broker/(3568:3574): SIZE BUFFER EN REGISTER: 4

[INFO] 18:23:41:551 broker/(3568:3576): SIZE BUFFER EN REGISTER: 4

[INFO] 18:25:08:445 broker/(20238:20240): SIZE BUFFER EN REGISTER: 4

[INFO] 18:25:13:372 broker/(20238:20244): SIZE BUFFER EN REGISTER: 4

[INFO] 18:31:36:507 broker/(20377:20379): SIZE BUFFER EN REGISTER: 4

[INFO] 18:31:39:745 broker/(20377:20381): SIZE BUFFER EN REGISTER: 4

[INFO] 18:36:11:198 broker/(20445:20447): SIZE BUFFER EN REGISTER: 4

[INFO] 18:36:17:130 broker/(20445:20449): SIZE BUFFER EN REGISTER: 4

[INFO] 18:37:36:85 broker/(32107:32109): SIZE BUFFER EN REGISTER: 4

[INFO] 18:37:38:467 broker/(32107:32111): SIZE BUFFER EN REGISTER: 4

[INFO] 18:37:41:400 broker/(32107:32113): entro a dispatch
[INFO] 18:38:58:920 broker/(23104:23106): SIZE BUFFER EN REGISTER: 4

[INFO] 18:39:01:933 broker/(23104:23108): SIZE BUFFER EN REGISTER: 4

[INFO] 18:39:04:681 broker/(23104:23110): antes de enviar paquete
[INFO] 18:39:04:684 broker/(23104:23110): antes de enviar paquete
[INFO] 18:40:08:99 broker/(4958:4960): SIZE BUFFER EN REGISTER: 4

[INFO] 18:40:10:897 broker/(4958:4962): SIZE BUFFER EN REGISTER: 4

[INFO] 18:40:15:501 broker/(4958:4965): despues de enviar paquete
[INFO] 18:41:21:915 broker/(26552:26555): SIZE BUFFER EN REGISTER: 4

[INFO] 18:41:25:111 broker/(26552:26560): SIZE BUFFER EN REGISTER: 4

[INFO] 18:41:36:893 broker/(26552:26568): despues de enviar paquete
[INFO] 19:13:44:237 broker/(26972:26974): SIZE BUFFER EN REGISTER: 4

[INFO] 19:13:47:417 broker/(26972:26976): SIZE BUFFER EN REGISTER: 4

[INFO] 19:14:01:813 broker/(26972:26978): despues de enviar paquete
[INFO] 10:31:26:426 broker/(1649:1651): SIZE BUFFER EN REGISTER: 4

[INFO] 10:31:44:535 broker/(1649:1653): despues de enviar paquete
[INFO] 10:34:54:401 broker/(1683:1685): SIZE BUFFER EN REGISTER: 4

[INFO] 10:35:09:594 broker/(1683:1687): despues de enviar paquete
[INFO] 10:40:47:284 broker/(3315:3317): SIZE BUFFER EN REGISTER: 4

[INFO] 10:40:57:637 broker/(3315:3319): despues de enviar paquete
[INFO] 10:41:38:151 broker/(3315:3344): SIZE BUFFER EN REGISTER: 4

[INFO] 10:41:42:973 broker/(3315:3346): SIZE BUFFER EN REGISTER: 4

[INFO] 10:42:00:266 broker/(3315:3354): despues de enviar paquete
[INFO] 10:42:06:311 broker/(3315:3354): despues de enviar paquete
[INFO] 10:42:12:321 broker/(3315:3354): despues de enviar paquete
[INFO] 10:44:20:231 broker/(29182:29189): SIZE BUFFER EN REGISTER: 4

[INFO] 10:44:32:664 broker/(29182:29191): despues de enviar paquete
[INFO] 10:45:26:242 broker/(29182:29201): SIZE BUFFER EN REGISTER: 4

[INFO] 10:45:38:905 broker/(29182:29203): despues de enviar paquete
[INFO] 11:29:39:90 broker/(29909:29911): SIZE BUFFER EN REGISTER: 4

[INFO] 11:29:51:710 broker/(29909:29913): despues de enviar paquete
[INFO] 11:30:27:377 broker/(29909:29935): SIZE BUFFER EN REGISTER: 4

[INFO] 11:30:40:246 broker/(29909:29937): despues de enviar paquete
[INFO] 11:30:46:263 broker/(29909:29937): despues de enviar paquete
[INFO] 11:33:17:582 broker/(29992:29996): SIZE BUFFER EN REGISTER: 4

[INFO] 11:33:29:71 broker/(29992:29998): despues de enviar paquete
[INFO] 11:36:40:884 broker/(30096:30099): SIZE BUFFER EN REGISTER: 4

[INFO] 11:36:54:158 broker/(30096:30107): despues de enviar paquete
[INFO] 11:44:56:884 broker/(30096:30230): SIZE BUFFER EN CONFIRMACION MENSAJE: 9

[INFO] 11:49:13:305 broker/(30096:30327): SIZE BUFFER EN REGISTER: 4

[INFO] 11:49:35:457 broker/(30096:30331): despues de enviar paquete
[INFO] 11:49:41:496 broker/(30096:30331): despues de enviar paquete
[INFO] 11:50:40:737 broker/(30357:30360): SIZE BUFFER EN REGISTER: 4

[INFO] 11:50:50:494 broker/(30357:30362): despues de enviar paquete
[INFO] 11:52:46:429 broker/(30420:30424): atendiendo al cliente 5
[INFO] 11:52:46:434 broker/(30420:30424): SIZE BUFFER EN REGISTER: 4

[INFO] 11:52:55:798 broker/(30420:30426): atendiendo al cliente 7
[INFO] 11:53:01:818 broker/(30420:30426): despues de enviar paquete
[INFO] 11:54:13:407 broker/(30445:30447): atendiendo al cliente 5
[INFO] 11:54:13:410 broker/(30445:30447): SIZE BUFFER EN REGISTER: 4

[INFO] 11:54:19:491 broker/(30445:30451): atendiendo al cliente 7
[INFO] 11:54:25:517 broker/(30445:30451): despues de enviar paquete
[INFO] 11:57:50:67 broker/(30525:30528): atendiendo al cliente 5
[INFO] 11:57:50:69 broker/(30525:30528): SIZE BUFFER EN REGISTER: 4

[INFO] 11:57:53:792 broker/(30525:30530): atendiendo al cliente 7
[INFO] 11:57:59:800 broker/(30525:30530): despues de enviar paquete
[INFO] 12:11:31:875 broker/(30651:30653): atendiendo al cliente 5
[INFO] 12:11:31:883 broker/(30651:30653): SIZE BUFFER EN REGISTER: 4

[INFO] 12:11:35:990 broker/(30651:30657): atendiendo al cliente 7
[INFO] 12:11:41:997 broker/(30651:30657): despues de enviar paquete
[INFO] 12:14:34:799 broker/(30708:30710): atendiendo al cliente 5
[INFO] 12:14:34:801 broker/(30708:30710): SIZE BUFFER EN REGISTER: 4

[INFO] 12:14:42:105 broker/(30708:30712): atendiendo al cliente 7
[INFO] 12:14:48:110 broker/(30708:30712): despues de enviar paquete
[INFO] 12:23:07:914 broker/(30812:30814): atendiendo al cliente 5
[INFO] 12:23:07:916 broker/(30812:30814): SIZE BUFFER EN REGISTER: 4

[INFO] 12:23:21:356 broker/(30812:30819): atendiendo al cliente 7
[INFO] 12:23:27:362 broker/(30812:30819): despues de enviar paquete
